20230301	22:36:06	b778e04a-1d17-4220-b53c-558b69a84a26	POST	/auth/signup	undefined
20230301	22:37:30	f9ad945e-ea28-4d84-99d2-cf761f80a6d5	POST	/auth/signup	undefined
20230301	22:37:44	206b7735-f5e0-4aa1-a0c7-122176ac8afa	POST	/auth/signup	undefined
20230301	22:38:50	1ec58c3c-728c-44c6-9c10-bd3666e91d29	POST	/auth/signup	undefined
20230301	22:39:50	23e7f390-e3b4-42ae-9c99-b5488b03e736	POST	/auth/signup	undefined
20230301	22:40:41	bdd2eb79-4531-48ef-9565-9aa842590e6e	POST	/auth/signup	undefined
20230301	22:41:07	f4797136-ea39-4f4c-9f6d-c23c88deeb8d	POST	/auth/signup	undefined
20230301	22:41:16	95ee5b90-4194-4e37-b00e-ce61d3a279a7	POST	/auth/signup	undefined
20230301	23:21:13	69417b9a-6208-4855-8701-3ba6e59f77e2	POST	/auth/signup	undefined
20230301	23:21:34	402162be-90c2-4fb8-9a6b-e2b52a7c4061	GET	/auth/accounts	undefined
20230301	23:25:36	24352570-1ae6-46a3-8fba-d1ef6263672c	GET	/accounts	undefined
20230301	23:26:00	41c20e99-295e-4699-a429-cae0143b890b	GET	/accounts	undefined
20230301	23:26:47	109fc93a-cd9c-4690-9026-6b560dec0464	GET	/accounts	undefined
20230301	23:27:59	730a3293-1428-41b6-92c9-98e3ee28ec6d	GET	/accounts	undefined
20230301	23:28:47	b53a0c2f-6bd2-45f8-ad78-16236483dc57	GET	/accounts	undefined
20230301	23:29:13	75386bd7-441e-4d4e-ad78-af0ccbda7262	GET	/accounts	undefined
20230301	23:29:18	fcdda6c6-ae88-4db2-aef3-ae62fb414d5b	GET	/accounts	undefined
20230301	23:29:29	744000d9-d9c2-466e-9d0f-c3acf94db5bd	GET	/accounts	undefined
20230301	23:31:57	210b3ce2-ce85-4c27-aac5-63a04e8bc925	POST	/accounts/new	undefined
20230301	23:32:09	266d19af-51c1-4692-8b52-83ec2b4f3d55	POST	/accounts/new	undefined
20230301	23:35:57	03a53be0-1921-4044-8312-7ed48355667b	POST	/accounts/new	undefined
20230301	23:36:49	62e27ed1-9deb-41af-b70e-efb99c6f5b98	POST	/accounts/new	undefined
20230301	23:38:28	db283c94-817f-4e4a-825e-7994a38df5d6	POST	/accounts/new	undefined
20230301	23:41:02	5592be37-a20c-42f1-be04-751fe83f5d46	POST	/auth/signup	undefined
20230301	23:41:13	60b1d41e-e7b7-4445-80bb-8d875500f4de	POST	/auth/signup	undefined
20230301	23:41:58	49daafee-e5d6-4032-8695-d4d215cfa4ce	GET	/accounts	undefined
20230301	23:42:07	f7315b8f-6b3a-4107-a193-33ac6eff0a2c	GET	/accounts/new	undefined
20230301	23:42:13	5ae4976b-d198-4806-9c62-f3f3900081a7	POST	/accounts/new	undefined
20230301	23:45:23	be6ad9af-4545-4368-ac98-541061be4681	POST	/accounts/new	undefined
20230301	23:46:18	9db51b83-9805-4060-a8c4-2ef698200699	GET	/accounts	undefined
20230302	00:25:36	da823577-c45c-4e1e-871a-05dbcfd7b083	POST	/auth/%20signup	undefined
20230302	00:25:44	07cf3a3d-fe3e-4407-a3aa-56dca2bcbfdb	POST	/auth/signup	undefined
20230302	00:31:45	9dc3c332-56a3-46bb-b099-ec2121d7690a	GET	/auth/refresh	undefined
20230302	10:20:29	fe98d6ba-711d-49ce-9a94-c2f5b6526f75	POST	/auth/signup	undefined
20230302	10:22:05	b8797a77-85d9-46ea-9a50-da7f75b273c4	GET	/auth/refresh	undefined
20230302	10:23:37	b1c99e8d-5f1f-49f7-83f2-f50827969099	GET	/auth/refresh	undefined
20230302	10:23:48	19cf5f60-801f-4815-89cc-28870187625f	GET	/auth/refresh	undefined
20230302	10:26:08	a3f2bdb2-d086-402a-b9d5-a74e92fb20d8	GET	/auth/refresh	undefined
20230302	10:26:42	8dbacc45-a4d5-4b0d-bc9d-db04776c2855	GET	/auth/refresh	undefined
20230302	10:29:39	a99adba0-a8d4-4b5f-9b90-70075a5247f2	GET	/auth/refresh	undefined
20230302	10:32:19	2773247a-d223-4832-8fc1-e01da684a782	GET	/auth/refresh	undefined
20230302	10:32:44	a016837d-8726-49d1-8d08-79c8c9f87095	GET	/auth/refresh	undefined
20230302	10:36:05	ca5cc1ff-338d-4d06-97fc-eef4e08f73d4	GET	/auth/refresh	undefined
20230302	16:26:21	fe7a35f2-f43f-4f86-80aa-0a15075383b8	POST	/auth/signup	undefined
20230302	16:26:54	cd5aad07-a0b6-43ee-9eab-600550acb38f	GET	/auth/refresh	undefined
20230302	16:27:34	1d65c827-42f5-47e9-9d08-638e01591ab3	GET	/auth/refresh	undefined
20230302	16:27:53	ff0a10a1-0d89-4832-b933-78bf888cc13e	GET	/auth/refresh	undefined
20230302	16:28:08	8079ca8e-90c7-4e2d-b387-7794a2b15331	GET	/auth/refresh	undefined
20230302	16:29:14	591d710f-9246-4aa8-9399-0b998d9b1edd	GET	/auth/refresh	undefined
20230302	16:29:39	15345a5f-2a26-4545-b9bf-eb2b04451594	GET	/auth/refresh	undefined
20230302	16:32:54	a8365033-697e-41bd-8648-a6c6405f6c5e	GET	/auth/refresh	undefined
20230302	16:33:55	fad7754e-b5b9-43f1-870e-9defd214236f	GET	/auth/refresh	undefined
20230302	16:36:54	15b2a7d9-0e6f-4dd5-9290-8410db0314e0	GET	/auth/refresh	undefined
20230302	16:37:30	e823f58a-3795-4a19-924b-0f2f193f9b17	GET	/auth/refresh	undefined
20230302	16:38:54	e9101bb6-651f-4d06-9257-936dc661abff	GET	/auth/refresh	undefined
20230302	16:40:05	ec683063-a03b-4ef3-938b-0a41146fb204	GET	/auth/refresh	undefined
20230302	16:41:18	003870a1-2c14-4cd9-a3f6-699fce173321	GET	/auth/refresh	undefined
20230302	16:42:24	f102e030-7e9c-472f-917f-1dbb3dba5b46	GET	/auth/refresh	undefined
20230302	16:44:28	db4629ff-c80e-4dff-9130-f9b34e724a89	GET	/auth/refresh	undefined
20230302	16:47:11	4bb36ab7-9215-4a15-8a65-2c68ff33249b	GET	/auth/refresh	undefined
20230302	16:49:08	090b9824-e416-4848-91f6-332bb79b233b	GET	/auth/refresh	undefined
20230302	16:50:23	da4c22f4-e553-41a1-9d67-7e56e92759bb	GET	/auth/refresh	undefined
20230302	16:52:57	9a8900b0-9e44-4b5b-9b76-921106705632	GET	/auth/refresh	undefined
20230302	16:54:21	d198ce18-45f5-4ac9-90e1-4596e42c88d5	GET	/auth/refresh	undefined
20230302	16:55:34	0f31bff3-0255-4d42-ae15-06cb36b07861	GET	/auth/refresh	undefined
20230302	17:03:26	8cf8f405-3072-4e01-aa83-30436db817b1	POST	/auth/logout	undefined
20230302	17:06:17	c9aeb597-b2e7-4891-b8bd-c512be0eeedc	POST	/auth/logout	undefined
20230302	17:23:02	d2aaa222-5e5b-4bb0-bfa4-235faaf565dd	POST	/auth/login	undefined
20230302	17:23:27	b380c43f-df73-4d31-beb0-0b8b73d4ae4b	POST	/auth/login	undefined
20230302	17:40:00	ae75d880-5b29-4560-898b-c0fdf2c70d4e	PATCH	/auth/user/	undefined
20230302	17:42:39	ba3bc522-a85c-4e07-9f2e-c7673091de2f	POST	/auth/login	undefined
20230302	17:43:56	08712b27-65e6-4f54-b7c1-9f1fbbe04566	PATCH	/auth/user/6400c01dfdbb63bb280eb4b9	undefined
